[LOG] SystemI::init                            : FMOD Studio Version: 00010800 (73592)
[LOG] SystemI::init                            : maxchannels = 1024, flags = 00030000, extradriverdata = 0x0
[LOG] SystemI::close                           : 
[LOG] SystemI::close                           : Stop all sounds
[LOG] SystemI::close                           : done.

[LOG] OutputCoreAudio::enumerate               : Enumerating...
[LOG] OutputCoreAudio::enumerate               : Found output driver: "Built-in Output".
[LOG] OutputCoreAudio::enumerate               : Found output driver: "H4".
[LOG] OutputCoreAudio::enumerate               : Done.
[LOG] OutputCoreAudio::init                    : Output running 2 channels at 48000Hz sample rate.
[LOG] OutputCoreAudio::init                    : Maximum hardware read size: 1024 samples, Software buffer size: 512 samples, Number of software buffers: 4.
[LOG] Thread::initThread                       : Initializing FMOD mixer thread.  priority 3
[LOG] Thread::initThread                       : - Stacksize 49152.  Stack pointer 0x0 : usesemaphore = 1 : sleeptime = 0
[LOG] Thread::callback                         : * FMOD mixer thread started
[LOG] SystemI::init                            : Set up emulated output
[LOG] SystemI::init                            : create the channel pool
[LOG] Thread::initThread                       : Initializing FMOD stream thread.  priority 2
[LOG] Thread::initThread                       : - Stacksize 65536.  Stack pointer 0x0 : usesemaphore = 0 : sleeptime = 10
[LOG] Thread::callback                         : * FMOD stream thread started
[LOG] Thread::initThread                       : Initializing FMOD Studio update thread.  priority 0
[LOG] Thread::initThread                       : - Stacksize 65536.  Stack pointer 0x0 : usesemaphore = 0 : sleeptime = 1
[LOG] Thread::callback                         : * FMOD Studio update thread started
[LOG] Thread::initThread                       : Initializing FMOD Studio sample load thread.  priority 0
[LOG] Thread::initThread                       : - Stacksize 65536.  Stack pointer 0x0 : usesemaphore = 0 : sleeptime = 1
[LOG] Thread::callback                         : * FMOD Studio sample load thread started
[LOG] LiveUpdate::init                         : 
[LOG] Thread::initThread                       : Initializing FMOD Studio bank load thread.  priority 0
[LOG] Thread::initThread                       : - Stacksize 65536.  Stack pointer 0x0 : usesemaphore = 0 : sleeptime = 1
[LOG] Thread::callback                         : * FMOD Studio bank load thread started
[LOG] Profile::init                            : Profiler listening on port: 9264
[LOG] Manager::readBank                        : fileversion = 72, compatVersion = 70 (oldest = 44, newest = 72)
[LOG] Manager::readBank                        : fileversion = 72, compatVersion = 70 (oldest = 44, newest = 72)
[LOG] SystemI::createSoundInternal             : filename =  : mode 0a000202
[LOG] SystemI::createSoundInternal             : exinfo->cbsize             = 232
[LOG] SystemI::createSoundInternal             : exinfo->length             = 8049824
[LOG] SystemI::createSoundInternal             : exinfo->fileoffset         = 14016
[LOG] SystemI::createSoundInternal             : exinfo->numsubsounds       = 1
[LOG] SystemI::createSoundInternal             : exinfo->inclusionlist      = 0x130a2db80
[LOG] SystemI::createSoundInternal             : exinfo->inclusionlistnum   = 1
[LOG] SystemI::createSoundInternal             : exinfo->suggestedsoundtype = 5
[LOG] SystemI::createSoundInternal             : exinfo->useropen           = 0x141c0a81e
[LOG] SystemI::createSoundInternal             : exinfo->userclose          = 0x141c0a8e9
[LOG] SystemI::createSoundInternal             : exinfo->userread           = 0x141c0a919
[LOG] SystemI::createSoundInternal             : exinfo->userseek           = 0x141c0a9b6
[LOG] SystemI::createSoundInternal             : exinfo->fileuserdata       = 0x142b663d8
[LOG] SystemI::createSoundInternal             : exinfo->initialseekpostype = 1
[LOG] SystemI::createSoundInternal             : Format has 1 subsounds.
[LOG] SystemI::createSoundInternal             : Create as FMOD_CREATESAMPLE
[LOG] SystemI::createSoundInternal             : Multi-sample sound (1 subsounds), create a sample container.
[LOG] SystemI::createSoundInternal             : creating subsound 0/1
[LOG] SystemI::createSample                    : mode 0a000202 length 459337 samples, lengthbytes 155648
[LOG] SystemI::createSample                    : channels = 2
[LOG] SystemI::createSample                    : output = 0x10a9cd3b8
[LOG] OutputSoftware::createSample             : lengthpcm 459337, lengthbytes 155648, channels 2, format 2, freq 48000, mode 0a00020a
[LOG] SystemI::createSoundInternal             : done.  OpenState now = FMOD_OPENSTATE_READY.

[LOG] SystemI::createSound                     : filename = VozAmbientes/Build/Desktop/Master Bank.bank : mode 0a010082
[LOG] SystemI::createSound                     : FMOD_NONBLOCKING specified.  Putting into queue to be opened asynchronously!
[LOG] SystemI::createSound                     : setdata soundi = 0x10aaa54e8 : node = 0x10aaa4db0
[LOG] SystemI::createSound                     : add node to async list : head = 0x10ae2a5a0.  list count = 0
[LOG] AsyncThread::threadFunc                  : Starting Asynchronous operation on sound 0x10aaa54e8
[LOG] SystemI::createSound                     :     filename = VozAmbientes/Build/Desktop/Master Bank.bank : mode 0a010082
[LOG] SystemI::createSoundInternal             :     filename = VozAmbientes/Build/Desktop/Master Bank.bank : mode 0a010082
[LOG] SystemI::createSound                     :     FMOD_NONBLOCKING specified.  Putting into queue to be opened asynchronously!
[LOG] SystemI::createSoundInternal             :     exinfo->cbsize             = 232
[LOG] SystemI::createSound                     :     setdata soundi = 0x142b31e18 : node = 0x142b316d0
[LOG] SystemI::createSoundInternal             :     exinfo->length             = 8049824
[LOG] SystemI::createSound                     :     add node to async list : head = 0x10ae2a5a0.  list count = 0
[LOG] SystemI::createSoundInternal             :     exinfo->fileoffset         = 14016
[LOG] SystemI::createSoundInternal             :     exinfo->numsubsounds       = 1
[LOG] SystemI::createSoundInternal             :     exinfo->inclusionlist      = 0x10aaa4ec8
[LOG] SystemI::createSoundInternal             :     exinfo->inclusionlistnum   = 1
[LOG] SystemI::createSoundInternal             :     exinfo->suggestedsoundtype = 5
[LOG] SystemI::createSoundInternal             :     exinfo->initialseekpostype = 1
[LOG] SystemI::createSoundInternal             :     Format has 1 subsounds.
[LOG] SystemI::createSoundInternal             :     Create as FMOD_CREATESTREAM
[LOG] System::createSoundInternal              :     decode buffersize = 19200 : blocksize = 256 : format = 2
[LOG] SystemI::createSample                    :     mode 0a010082 length 19200 samples, lengthbytes 4066208
[LOG] SystemI::createSample                    :     channels = 2
[LOG] SystemI::createSample                    :     output = 0x10a9cd3b8
[LOG] OutputSoftware::createSample             :     lengthpcm 19200, lengthbytes 4066208, channels 2, format 2, freq 48000, mode 0a01008a
[LOG] System::createSoundInternal              :     1 subsounds detected.
[LOG] System::createSoundInternal              :     Seek stream to start
[LOG] System::createSoundInternal              :     flush stream buffer
[LOG] System::createSoundInternal              :     flush successful.
[LOG] System::createSoundInternal              :     switch file handle from small blocking single buffered to large nonblocking doublebuffered.
[LOG] SystemI::createSoundInternal             :     done.  OpenState now = FMOD_OPENSTATE_READY.

[LOG] AsyncThread::threadFunc                  : Finished Asynchronous operation on sound 0x10aaa54e8
[LOG] AsyncThread::threadFunc                  : Starting Asynchronous operation on sound 0x142b31e18
[LOG] SystemI::createSoundInternal             :     filename = VozAmbientes/Build/Desktop/Master Bank.bank : mode 0a010082
[LOG] SystemI::createSoundInternal             :     exinfo->cbsize             = 232
[LOG] SystemI::createSoundInternal             :     exinfo->length             = 8049824
[LOG] SystemI::createSoundInternal             :     exinfo->fileoffset         = 14016
[LOG] SystemI::createSoundInternal             :     exinfo->numsubsounds       = 1
[LOG] SystemI::createSoundInternal             :     exinfo->inclusionlist      = 0x142b317e8
[LOG] SystemI::createSoundInternal             :     exinfo->inclusionlistnum   = 1
[LOG] SystemI::createSoundInternal             :     exinfo->suggestedsoundtype = 5
[LOG] SystemI::createSoundInternal             :     exinfo->initialseekpostype = 1
[LOG] SystemI::createSoundInternal             :     Format has 1 subsounds.
[LOG] SystemI::createSoundInternal             :     Create as FMOD_CREATESTREAM
[LOG] System::createSoundInternal              :     decode buffersize = 19200 : blocksize = 256 : format = 2
[LOG] SystemI::createSample                    :     mode 0a010082 length 19200 samples, lengthbytes 3821664
[LOG] SystemI::createSample                    :     channels = 2
[LOG] SystemI::createSample                    :     output = 0x10a9cd3b8
[LOG] OutputSoftware::createSample             :     lengthpcm 19200, lengthbytes 3821664, channels 2, format 2, freq 48000, mode 0a01008a
[LOG] System::createSoundInternal              :     1 subsounds detected.
[LOG] System::createSoundInternal              :     Seek stream to start
[LOG] System::createSoundInternal              :     flush stream buffer
[LOG] System::createSoundInternal              :     flush successful.
[LOG] System::createSoundInternal              :     switch file handle from small blocking single buffered to large nonblocking doublebuffered.
[LOG] SystemI::createSoundInternal             :     done.  OpenState now = FMOD_OPENSTATE_READY.

[LOG] AsyncThread::threadFunc                  : Finished Asynchronous operation on sound 0x142b31e18
[LOG] SoundI::getSubSound                      : sound 0x10aaa54e8.  Subsound index 0 / 1
[LOG] SoundI::getSubSound                      : sound 0x142b31e18.  Subsound index 0 / 1
[WRN] Output::RingBuffer::read                 : Buffer starvation detected, requested 8192 bytes, only 4096 bytes available.
[LOG] AsyncThread::threadFunc                  : Starting Asynchronous operation on sound 0x142b33198
[LOG] AsyncThread::threadFunc                  : Finished Asynchronous operation on sound 0x142b33198
[LOG] AsyncThread::threadFunc                  : Starting Asynchronous operation on sound 0x142b32ff8
[LOG] AsyncThread::threadFunc                  : Finished Asynchronous operation on sound 0x142b32ff8
[LOG] AsyncThread::threadFunc                  : Starting Asynchronous operation on sound 0x142b32ff8
[LOG] AsyncThread::threadFunc                  : Finished Asynchronous operation on sound 0x142b32ff8
[LOG] AsyncThread::threadFunc                  : Starting Asynchronous operation on sound 0x142b33198
[LOG] AsyncThread::threadFunc                  : Finished Asynchronous operation on sound 0x142b33198
[LOG] AsyncThread::threadFunc                  : Starting Asynchronous operation on sound 0x142b32ff8
[LOG] AsyncThread::threadFunc                  : Finished Asynchronous operation on sound 0x142b32ff8
[LOG] AsyncThread::threadFunc                  : Starting Asynchronous operation on sound 0x142b33198
[LOG] AsyncThread::threadFunc                  : Finished Asynchronous operation on sound 0x142b33198
[LOG] AsyncThread::threadFunc                  : Starting Asynchronous operation on sound 0x142b32ff8
[LOG] AsyncThread::threadFunc                  : Finished Asynchronous operation on sound 0x142b32ff8
[LOG] SoundI::release                          : (null) (0x142b31e18)
[LOG] SoundI::release                          : remove stream samples. (0x142b31e18)
[LOG] SoundI::release                          :     (null) (0x10aef4e58)
[LOG] SoundI::release                          : release subsounds. (0x142b31e18)
[LOG] SoundI::release                          :     (null) (0x142b33198)
[LOG] SoundI::release                          : release codec. (0x142b31e18)
[LOG] SoundI::release                          : (null) (0x10aaa54e8)
[LOG] SoundI::release                          : remove stream samples. (0x10aaa54e8)
[LOG] SoundI::release                          :     (null) (0x142b32e68)
[LOG] SoundI::release                          : release subsounds. (0x10aaa54e8)
[LOG] SoundI::release                          :     (null) (0x142b32ff8)
[LOG] SoundI::release                          : release codec. (0x10aaa54e8)
[LOG] SoundI::release                          : (null) (0x10aabd888)
[LOG] SoundI::release                          : release subsounds. (0x10aabd888)
[LOG] SoundI::release                          :     (null) (0x142b69698)
[LOG] SoundI::release                          : release codec. (0x10aabd888)
[LOG] Thread::callback                         : * FMOD Studio update thread finished
[LOG] Thread::close                            : FMOD Studio update thread thread destroyed
[LOG] Thread::callback                         : * FMOD Studio bank load thread finished
[LOG] Thread::close                            : FMOD Studio bank load thread thread destroyed
[LOG] Profile::disconnectAll                   : Profiler disconnecting all clients
[LOG] Thread::callback                         : * FMOD Studio sample load thread finished
[LOG] Thread::close                            : FMOD Studio sample load thread thread destroyed
[LOG] LiveUpdate::release                      : 
[LOG] SystemI::close                           : 
[LOG] SystemI::close                           : Stop all sounds
[LOG] Thread::callback                         : * FMOD stream thread finished
[LOG] Thread::close                            : FMOD stream thread thread destroyed
[LOG] SystemI::close                           : Stream thread destroyed
[LOG] Thread::callback                         : * FMOD mixer thread finished
[LOG] Thread::close                            : FMOD mixer thread thread destroyed
[LOG] SystemI::close                           : Free master channel group.
[LOG] SystemI::close                           : Remove 'master' sound group.
[LOG] SystemI::close                           : Free software output.
[LOG] SystemI::close                           : Free emulated output.
[LOG] SystemI::close                           : Free channel pool.
[LOG] SystemI::close                           : done.

